Using pre-set license
Built from '2020.2/release' branch; Version is '2020.2.4f1 (becced5a802b) revision 12504301'; Using compiler version '192528614'; Build Type 'Release'
OS: 'Windows 10 Home; OS build 19042.985; Version 2009; 64bit' Language: 'en' Physical Memory: 8039 MB
BatchMode: 1, IsHumanControllingUs: 0, StartBugReporterOnCrash: 0, Is64bit: 1, IsPro: 0

 COMMAND LINE ARGUMENTS:
D:\unity\2020.2.4f1\Editor\Unity.exe
-adb2
-batchMode
-noUpm
-name
AssetImportWorker0
-projectPath
D:/unity/HorrorGame/New Unity Project
-logFile
Logs/AssetImportWorker0.log
-srvPort
52895
Successfully changed project path to: D:/unity/HorrorGame/New Unity Project
D:/unity/HorrorGame/New Unity Project
Using Asset Import Pipeline V2.
Refreshing native plugins compatible for Editor in 104.12 ms, found 0 plugins.
Preloading 0 native plugins for Editor in 0.00 ms.
Initialize engine version: 2020.2.4f1 (becced5a802b)
[Subsystems] Discovering subsystems at path D:/unity/2020.2.4f1/Editor/Data/Resources/UnitySubsystems
[Subsystems] Discovering subsystems at path D:/unity/HorrorGame/New Unity Project/Assets
GfxDevice: creating device client; threaded=0
Direct3D:
    Version:  Direct3D 11.0 [level 11.1]
    Renderer: NVIDIA GeForce GTX 1050 Ti (ID=0x1c8c)
    Vendor:   
    VRAM:     4021 MB
    Driver:   27.21.14.6627
Initialize mono
Mono path[0] = 'D:/unity/2020.2.4f1/Editor/Data/Managed'
Mono path[1] = 'D:/unity/2020.2.4f1/Editor/Data/MonoBleedingEdge/lib/mono/unityjit'
Mono config path = 'D:/unity/2020.2.4f1/Editor/Data/MonoBleedingEdge/etc'
Using monoOptions --debugger-agent=transport=dt_socket,embedding=1,server=y,suspend=n,address=127.0.0.1:56312
Begin MonoManager ReloadAssembly
Registering precompiled unity dll's ...
Register platform support module: D:/unity/2020.2.4f1/Editor/Data/PlaybackEngines/WindowsStandaloneSupport/UnityEditor.WindowsStandalone.Extensions.dll
Registered in 0.002447 seconds.
Native extension for WindowsStandalone target not found
Refreshing native plugins compatible for Editor in 77.37 ms, found 0 plugins.
Preloading 0 native plugins for Editor in 0.00 ms.
Invoked RoslynAnalysisRunner static constructor.
RoslynAnalysisRunner will not be running.
RoslynAnalysisRunner has terminated.
Mono: successfully reloaded assembly
- Completed reload, in  2.784 seconds
Platform modules already initialized, skipping
Registering precompiled user dll's ...
Registered in 0.005189 seconds.
Begin MonoManager ReloadAssembly
Native extension for WindowsStandalone target not found
Refreshing native plugins compatible for Editor in 71.78 ms, found 0 plugins.
Preloading 0 native plugins for Editor in 0.00 ms.
Invoked RoslynAnalysisRunner static constructor.
RoslynAnalysisRunner will not be running.
RoslynAnalysisRunner has terminated.
Mono: successfully reloaded assembly
- Completed reload, in  3.316 seconds
Platform modules already initialized, skipping
========================================================================
Worker process is ready to serve import requests
Shader 'Universal Render Pipeline/Particles/Lit': fallback shader 'Universal Render Pipeline/Particles/SimpleLit' not found
Shader 'Universal Render Pipeline/Particles/Lit': fallback shader 'Universal Render Pipeline/Particles/SimpleLit' not found
Launched and connected shader compiler UnityShaderCompiler.exe after 0.10 seconds
Refreshing native plugins compatible for Editor in 1.50 ms, found 0 plugins.
Preloading 0 native plugins for Editor in 0.00 ms.
Unloading 2420 Unused Serialized files (Serialized files now loaded: 0)
System memory in use before: 112.1 MB.
System memory in use after: 109.8 MB.

Unloading 46 unused Assets to reduce memory usage. Loaded Objects now: 2829.
Total: 14.099200 ms (FindLiveObjects: 1.229800 ms CreateObjectMapping: 0.534300 ms MarkObjects: 8.448900 ms  DeleteObjects: 3.877800 ms)

========================================================================
Received Import Request.
  path: Assets/Scripts/ObjBehaviours/EnemyScript.cs
  artifactKey: Guid(0fdc170ae7af1e840bd77ccb5ca9e225) Importer(815301076,1909f56bfc062723c751e8b465ee728b)
Start importing Assets/Scripts/ObjBehaviours/EnemyScript.cs using Guid(0fdc170ae7af1e840bd77ccb5ca9e225) Importer(815301076,1909f56bfc062723c751e8b465ee728b)  -> (artifact id: 'c69365beef6ee0e60729053eadd3764b') in 0.240519 seconds
  Import took 0.252769 seconds .

========================================================================
Received Import Request.
  Time since last request: 80.546408 seconds.
  path: Assets/Scripts/ObjBehaviours/EnemyScript.cs
  artifactKey: Guid(0fdc170ae7af1e840bd77ccb5ca9e225) Importer(815301076,1909f56bfc062723c751e8b465ee728b)
Start importing Assets/Scripts/ObjBehaviours/EnemyScript.cs using Guid(0fdc170ae7af1e840bd77ccb5ca9e225) Importer(815301076,1909f56bfc062723c751e8b465ee728b)  -> (artifact id: 'cc4b9b8c1ab8f295d2c1556a2a5e1140') in 0.013480 seconds
  Import took 0.025437 seconds .

========================================================================
Received Import Request.
  Time since last request: 38.905249 seconds.
  path: Assets/Scripts/ObjBehaviours/EnemyScript.cs
  artifactKey: Guid(0fdc170ae7af1e840bd77ccb5ca9e225) Importer(815301076,1909f56bfc062723c751e8b465ee728b)
Start importing Assets/Scripts/ObjBehaviours/EnemyScript.cs using Guid(0fdc170ae7af1e840bd77ccb5ca9e225) Importer(815301076,1909f56bfc062723c751e8b465ee728b)  -> (artifact id: '4389adb271e0dee24d0603ae692c2e09') in 0.012883 seconds
  Import took 0.033388 seconds .

========================================================================
Received Import Request.
  Time since last request: 0.005610 seconds.
  path: Assets/Scripts/ObjBehaviours/EnemyScript.cs
  artifactKey: Guid(0fdc170ae7af1e840bd77ccb5ca9e225) Importer(815301076,1909f56bfc062723c751e8b465ee728b)
Start importing Assets/Scripts/ObjBehaviours/EnemyScript.cs using Guid(0fdc170ae7af1e840bd77ccb5ca9e225) Importer(815301076,1909f56bfc062723c751e8b465ee728b)  -> (artifact id: '4389adb271e0dee24d0603ae692c2e09') in 0.014471 seconds
  Import took 0.035109 seconds .

========================================================================
Received Import Request.
  Time since last request: 18.230714 seconds.
  path: Assets/Scripts/ObjBehaviours/EnemyScript.cs
  artifactKey: Guid(0fdc170ae7af1e840bd77ccb5ca9e225) Importer(815301076,1909f56bfc062723c751e8b465ee728b)
Start importing Assets/Scripts/ObjBehaviours/EnemyScript.cs using Guid(0fdc170ae7af1e840bd77ccb5ca9e225) Importer(815301076,1909f56bfc062723c751e8b465ee728b)  -> (artifact id: 'a26af9b6efe36c3bdf625f5fa98a6b63') in 0.003767 seconds
  Import took 0.013283 seconds .

========================================================================
Received Import Request.
  Time since last request: 35.715047 seconds.
  path: Assets/Scripts/ObjBehaviours/EnemyScript.cs
  artifactKey: Guid(0fdc170ae7af1e840bd77ccb5ca9e225) Importer(815301076,1909f56bfc062723c751e8b465ee728b)
Start importing Assets/Scripts/ObjBehaviours/EnemyScript.cs using Guid(0fdc170ae7af1e840bd77ccb5ca9e225) Importer(815301076,1909f56bfc062723c751e8b465ee728b)  -> (artifact id: '621bd5b08713b3cddd9249649bf8ad4f') in 0.011270 seconds
  Import took 0.025142 seconds .

========================================================================
Received Import Request.
  Time since last request: 0.011864 seconds.
  path: Assets/Scripts/ObjBehaviours/EnemyScript.cs
  artifactKey: Guid(0fdc170ae7af1e840bd77ccb5ca9e225) Importer(815301076,1909f56bfc062723c751e8b465ee728b)
Start importing Assets/Scripts/ObjBehaviours/EnemyScript.cs using Guid(0fdc170ae7af1e840bd77ccb5ca9e225) Importer(815301076,1909f56bfc062723c751e8b465ee728b)  -> (artifact id: '621bd5b08713b3cddd9249649bf8ad4f') in 0.002734 seconds
  Import took 0.015156 seconds .

========================================================================
Received Import Request.
  Time since last request: 7.245359 seconds.
  path: Assets/Scripts/ObjBehaviours/EnemyScript.cs
  artifactKey: Guid(0fdc170ae7af1e840bd77ccb5ca9e225) Importer(815301076,1909f56bfc062723c751e8b465ee728b)
Start importing Assets/Scripts/ObjBehaviours/EnemyScript.cs using Guid(0fdc170ae7af1e840bd77ccb5ca9e225) Importer(815301076,1909f56bfc062723c751e8b465ee728b)  -> (artifact id: '5a4a1f36d6ca569cd40a358ef180b66a') in 0.028179 seconds
  Import took 0.047050 seconds .

========================================================================
Received Import Request.
  Time since last request: 118.202867 seconds.
  path: Assets/Scripts/ObjBehaviours/EnemyScript.cs
  artifactKey: Guid(0fdc170ae7af1e840bd77ccb5ca9e225) Importer(815301076,1909f56bfc062723c751e8b465ee728b)
Start importing Assets/Scripts/ObjBehaviours/EnemyScript.cs using Guid(0fdc170ae7af1e840bd77ccb5ca9e225) Importer(815301076,1909f56bfc062723c751e8b465ee728b)  -> (artifact id: '8541175f80dd23a17605143f4f30c14f') in 0.011593 seconds
  Import took 0.049421 seconds .

========================================================================
Received Import Request.
  Time since last request: 0.019885 seconds.
  path: Assets/Scripts/ObjBehaviours/EnemyScript.cs
  artifactKey: Guid(0fdc170ae7af1e840bd77ccb5ca9e225) Importer(815301076,1909f56bfc062723c751e8b465ee728b)
Start importing Assets/Scripts/ObjBehaviours/EnemyScript.cs using Guid(0fdc170ae7af1e840bd77ccb5ca9e225) Importer(815301076,1909f56bfc062723c751e8b465ee728b)  -> (artifact id: '8541175f80dd23a17605143f4f30c14f') in 0.006203 seconds
  Import took 0.031895 seconds .

========================================================================
Received Import Request.
  Time since last request: 15.968556 seconds.
  path: Assets/Scripts/ObjBehaviours/EnemyScript.cs
  artifactKey: Guid(0fdc170ae7af1e840bd77ccb5ca9e225) Importer(815301076,1909f56bfc062723c751e8b465ee728b)
Start importing Assets/Scripts/ObjBehaviours/EnemyScript.cs using Guid(0fdc170ae7af1e840bd77ccb5ca9e225) Importer(815301076,1909f56bfc062723c751e8b465ee728b)  -> (artifact id: '8a9ef344fe880f29cf5586ea0fcc3026') in 0.004905 seconds
  Import took 0.030715 seconds .

========================================================================
Received Import Request.
  Time since last request: 13.349688 seconds.
  path: Assets/Scripts/ObjBehaviours/EnemyScript.cs
  artifactKey: Guid(0fdc170ae7af1e840bd77ccb5ca9e225) Importer(815301076,1909f56bfc062723c751e8b465ee728b)
Start importing Assets/Scripts/ObjBehaviours/EnemyScript.cs using Guid(0fdc170ae7af1e840bd77ccb5ca9e225) Importer(815301076,1909f56bfc062723c751e8b465ee728b)  -> (artifact id: 'fe9fa653c2ddf7b21fb4a336ede3c308') in 0.012364 seconds
  Import took 0.023531 seconds .

========================================================================
Received Import Request.
  Time since last request: 38.154162 seconds.
  path: Assets/Scripts/ObjBehaviours/EnemyScript.cs
  artifactKey: Guid(0fdc170ae7af1e840bd77ccb5ca9e225) Importer(815301076,1909f56bfc062723c751e8b465ee728b)
Start importing Assets/Scripts/ObjBehaviours/EnemyScript.cs using Guid(0fdc170ae7af1e840bd77ccb5ca9e225) Importer(815301076,1909f56bfc062723c751e8b465ee728b)  -> (artifact id: '652dcf3ea15b432267d5f83d0cd4a0ae') in 0.022024 seconds
  Import took 0.031270 seconds .

========================================================================
Received Import Request.
  Time since last request: 63.500921 seconds.
  path: Assets/Scripts/ObjBehaviours/EnemyScript.cs
  artifactKey: Guid(0fdc170ae7af1e840bd77ccb5ca9e225) Importer(815301076,1909f56bfc062723c751e8b465ee728b)
Start importing Assets/Scripts/ObjBehaviours/EnemyScript.cs using Guid(0fdc170ae7af1e840bd77ccb5ca9e225) Importer(815301076,1909f56bfc062723c751e8b465ee728b)  -> (artifact id: '43d93b564880905dc5a787ad2a127561') in 0.005767 seconds
  Import took 0.021403 seconds .

========================================================================
Received Import Request.
  Time since last request: 8.734185 seconds.
  path: Assets/Scripts/ObjBehaviours/EnemyScript.cs
  artifactKey: Guid(0fdc170ae7af1e840bd77ccb5ca9e225) Importer(815301076,1909f56bfc062723c751e8b465ee728b)
Start importing Assets/Scripts/ObjBehaviours/EnemyScript.cs using Guid(0fdc170ae7af1e840bd77ccb5ca9e225) Importer(815301076,1909f56bfc062723c751e8b465ee728b)  -> (artifact id: '931ea27c5966283c816fc6cf62d969f8') in 0.008276 seconds
  Import took 0.034214 seconds .

========================================================================
Received Import Request.
  Time since last request: 0.009616 seconds.
  path: Assets/Scripts/ObjBehaviours/EnemyScript.cs
  artifactKey: Guid(0fdc170ae7af1e840bd77ccb5ca9e225) Importer(815301076,1909f56bfc062723c751e8b465ee728b)
Start importing Assets/Scripts/ObjBehaviours/EnemyScript.cs using Guid(0fdc170ae7af1e840bd77ccb5ca9e225) Importer(815301076,1909f56bfc062723c751e8b465ee728b)  -> (artifact id: '931ea27c5966283c816fc6cf62d969f8') in 0.003912 seconds
  Import took 0.009843 seconds .

========================================================================
Received Import Request.
  Time since last request: 39.382885 seconds.
  path: Assets/Scripts/ObjBehaviours/EnemyScript.cs
  artifactKey: Guid(0fdc170ae7af1e840bd77ccb5ca9e225) Importer(815301076,1909f56bfc062723c751e8b465ee728b)
Start importing Assets/Scripts/ObjBehaviours/EnemyScript.cs using Guid(0fdc170ae7af1e840bd77ccb5ca9e225) Importer(815301076,1909f56bfc062723c751e8b465ee728b)  -> (artifact id: 'c911e76433f7e70a843d2de4b29d278c') in 0.004708 seconds
  Import took 0.011416 seconds .

========================================================================
Received Import Request.
  Time since last request: 7.314596 seconds.
  path: Assets/Scripts/ObjBehaviours/EnemyScript.cs
  artifactKey: Guid(0fdc170ae7af1e840bd77ccb5ca9e225) Importer(815301076,1909f56bfc062723c751e8b465ee728b)
Start importing Assets/Scripts/ObjBehaviours/EnemyScript.cs using Guid(0fdc170ae7af1e840bd77ccb5ca9e225) Importer(815301076,1909f56bfc062723c751e8b465ee728b)  -> (artifact id: 'ab6f11994ea1166679ba15b77df2674a') in 0.009887 seconds
  Import took 0.017288 seconds .

========================================================================
Received Import Request.
  Time since last request: 9.529571 seconds.
  path: Assets/Scripts/ObjBehaviours/EnemyScript.cs
  artifactKey: Guid(0fdc170ae7af1e840bd77ccb5ca9e225) Importer(815301076,1909f56bfc062723c751e8b465ee728b)
Start importing Assets/Scripts/ObjBehaviours/EnemyScript.cs using Guid(0fdc170ae7af1e840bd77ccb5ca9e225) Importer(815301076,1909f56bfc062723c751e8b465ee728b)  -> (artifact id: '76e43c2325f8b9d66c28c17dda1e0157') in 0.005789 seconds
  Import took 0.015673 seconds .

========================================================================
Received Prepare
Registering precompiled user dll's ...
Registered in 0.001650 seconds.
Begin MonoManager ReloadAssembly
Native extension for WindowsStandalone target not found
Refreshing native plugins compatible for Editor in 2.54 ms, found 0 plugins.
Preloading 0 native plugins for Editor in 0.00 ms.
Invoked RoslynAnalysisRunner static constructor.
RoslynAnalysisRunner will not be running.
RoslynAnalysisRunner has terminated.
Mono: successfully reloaded assembly
- Completed reload, in  1.892 seconds
Platform modules already initialized, skipping
Shader 'Universal Render Pipeline/Particles/Lit': fallback shader 'Universal Render Pipeline/Particles/SimpleLit' not found
Shader 'Universal Render Pipeline/Particles/Lit': fallback shader 'Universal Render Pipeline/Particles/SimpleLit' not found
Refreshing native plugins compatible for Editor in 0.71 ms, found 0 plugins.
Preloading 0 native plugins for Editor in 0.00 ms.
Unloading 2347 Unused Serialized files (Serialized files now loaded: 0)
System memory in use before: 109.1 MB.
System memory in use after: 106.9 MB.

Unloading 41 unused Assets to reduce memory usage. Loaded Objects now: 2831.
Total: 12.623500 ms (FindLiveObjects: 0.587800 ms CreateObjectMapping: 0.205400 ms MarkObjects: 8.633300 ms  DeleteObjects: 3.192000 ms)

========================================================================
Received Prepare
Registering precompiled user dll's ...
Registered in 0.002070 seconds.
Begin MonoManager ReloadAssembly
Native extension for WindowsStandalone target not found
Refreshing native plugins compatible for Editor in 1.36 ms, found 0 plugins.
Preloading 0 native plugins for Editor in 0.00 ms.
Invoked RoslynAnalysisRunner static constructor.
RoslynAnalysisRunner will not be running.
RoslynAnalysisRunner has terminated.
Mono: successfully reloaded assembly
- Completed reload, in  2.178 seconds
Platform modules already initialized, skipping
Shader 'Universal Render Pipeline/Particles/Lit': fallback shader 'Universal Render Pipeline/Particles/SimpleLit' not found
Shader 'Universal Render Pipeline/Particles/Lit': fallback shader 'Universal Render Pipeline/Particles/SimpleLit' not found
Refreshing native plugins compatible for Editor in 1.26 ms, found 0 plugins.
Preloading 0 native plugins for Editor in 0.00 ms.
Unloading 2347 Unused Serialized files (Serialized files now loaded: 0)
System memory in use before: 109.2 MB.
System memory in use after: 107.0 MB.

Unloading 41 unused Assets to reduce memory usage. Loaded Objects now: 2833.
Total: 8.731400 ms (FindLiveObjects: 0.972600 ms CreateObjectMapping: 0.389000 ms MarkObjects: 4.218300 ms  DeleteObjects: 3.147700 ms)

========================================================================
Received Import Request.
  Time since last request: 86.367843 seconds.
  path: Assets/Scripts/ObjBehaviours/EnemyScript.cs
  artifactKey: Guid(0fdc170ae7af1e840bd77ccb5ca9e225) Importer(815301076,1909f56bfc062723c751e8b465ee728b)
Start importing Assets/Scripts/ObjBehaviours/EnemyScript.cs using Guid(0fdc170ae7af1e840bd77ccb5ca9e225) Importer(815301076,1909f56bfc062723c751e8b465ee728b)  -> (artifact id: '54020eb9d73f7fddbbe22b04ad5702bc') in 0.026755 seconds
  Import took 0.039394 seconds .

========================================================================
Received Import Request.
  Time since last request: 2.440629 seconds.
  path: Assets/Scripts/ObjBehaviours/EnemyScript.cs
  artifactKey: Guid(0fdc170ae7af1e840bd77ccb5ca9e225) Importer(815301076,1909f56bfc062723c751e8b465ee728b)
Start importing Assets/Scripts/ObjBehaviours/EnemyScript.cs using Guid(0fdc170ae7af1e840bd77ccb5ca9e225) Importer(815301076,1909f56bfc062723c751e8b465ee728b)  -> (artifact id: '54020eb9d73f7fddbbe22b04ad5702bc') in 0.003451 seconds
  Import took 0.009783 seconds .

========================================================================
Received Prepare
Registering precompiled user dll's ...
Registered in 0.001627 seconds.
Begin MonoManager ReloadAssembly
Native extension for WindowsStandalone target not found
Refreshing native plugins compatible for Editor in 1.01 ms, found 0 plugins.
Preloading 0 native plugins for Editor in 0.00 ms.
Invoked RoslynAnalysisRunner static constructor.
RoslynAnalysisRunner will not be running.
RoslynAnalysisRunner has terminated.
Mono: successfully reloaded assembly
- Completed reload, in  4.232 seconds
Platform modules already initialized, skipping
Shader 'Universal Render Pipeline/Particles/Lit': fallback shader 'Universal Render Pipeline/Particles/SimpleLit' not found
Shader 'Universal Render Pipeline/Particles/Lit': fallback shader 'Universal Render Pipeline/Particles/SimpleLit' not found
Refreshing native plugins compatible for Editor in 1.33 ms, found 0 plugins.
Preloading 0 native plugins for Editor in 0.00 ms.
Unloading 2347 Unused Serialized files (Serialized files now loaded: 0)
System memory in use before: 109.2 MB.
System memory in use after: 107.0 MB.

Unloading 41 unused Assets to reduce memory usage. Loaded Objects now: 2835.
Total: 32.117400 ms (FindLiveObjects: 8.041200 ms CreateObjectMapping: 1.286800 ms MarkObjects: 20.026900 ms  DeleteObjects: 2.757500 ms)

========================================================================
Received Import Request.
  Time since last request: 118.563374 seconds.
  path: Assets/Scripts/ObjBehaviours/EnemyScript.cs
  artifactKey: Guid(0fdc170ae7af1e840bd77ccb5ca9e225) Importer(815301076,1909f56bfc062723c751e8b465ee728b)
Start importing Assets/Scripts/ObjBehaviours/EnemyScript.cs using Guid(0fdc170ae7af1e840bd77ccb5ca9e225) Importer(815301076,1909f56bfc062723c751e8b465ee728b)  -> (artifact id: '2ed010e41be6ee4c3acc53aa6cee315e') in 0.036137 seconds
  Import took 0.048026 seconds .

========================================================================
Received Prepare
Registering precompiled user dll's ...
Registered in 0.004947 seconds.
Begin MonoManager ReloadAssembly
Native extension for WindowsStandalone target not found
Refreshing native plugins compatible for Editor in 1.21 ms, found 0 plugins.
Preloading 0 native plugins for Editor in 0.00 ms.
Invoked RoslynAnalysisRunner static constructor.
RoslynAnalysisRunner will not be running.
RoslynAnalysisRunner has terminated.
Mono: successfully reloaded assembly
- Completed reload, in  1.991 seconds
Platform modules already initialized, skipping
Shader 'Universal Render Pipeline/Particles/Lit': fallback shader 'Universal Render Pipeline/Particles/SimpleLit' not found
Shader 'Universal Render Pipeline/Particles/Lit': fallback shader 'Universal Render Pipeline/Particles/SimpleLit' not found
Refreshing native plugins compatible for Editor in 0.48 ms, found 0 plugins.
Preloading 0 native plugins for Editor in 0.00 ms.
Unloading 2347 Unused Serialized files (Serialized files now loaded: 0)
System memory in use before: 109.2 MB.
System memory in use after: 107.0 MB.

Unloading 41 unused Assets to reduce memory usage. Loaded Objects now: 2837.
Total: 15.988600 ms (FindLiveObjects: 0.921700 ms CreateObjectMapping: 0.638600 ms MarkObjects: 5.353900 ms  DeleteObjects: 9.071600 ms)

========================================================================
Received Import Request.
  Time since last request: 46.266855 seconds.
  path: Assets/Scripts/ObjBehaviours/EnemyScript.cs
  artifactKey: Guid(0fdc170ae7af1e840bd77ccb5ca9e225) Importer(815301076,1909f56bfc062723c751e8b465ee728b)
Start importing Assets/Scripts/ObjBehaviours/EnemyScript.cs using Guid(0fdc170ae7af1e840bd77ccb5ca9e225) Importer(815301076,1909f56bfc062723c751e8b465ee728b)  -> (artifact id: '173b5c57aac76f9937e712d7d2509e5a') in 0.012940 seconds
  Import took 0.018024 seconds .

========================================================================
Received Import Request.
  Time since last request: 1.848872 seconds.
  path: Assets/Scripts/ObjBehaviours/EnemyScript.cs
  artifactKey: Guid(0fdc170ae7af1e840bd77ccb5ca9e225) Importer(815301076,1909f56bfc062723c751e8b465ee728b)
Start importing Assets/Scripts/ObjBehaviours/EnemyScript.cs using Guid(0fdc170ae7af1e840bd77ccb5ca9e225) Importer(815301076,1909f56bfc062723c751e8b465ee728b)  -> (artifact id: '173b5c57aac76f9937e712d7d2509e5a') in 0.004012 seconds
  Import took 0.017015 seconds .

========================================================================
Received Prepare
Registering precompiled user dll's ...
Registered in 0.023552 seconds.
Begin MonoManager ReloadAssembly
Native extension for WindowsStandalone target not found
Refreshing native plugins compatible for Editor in 1.50 ms, found 0 plugins.
Preloading 0 native plugins for Editor in 0.00 ms.
Invoked RoslynAnalysisRunner static constructor.
RoslynAnalysisRunner will not be running.
RoslynAnalysisRunner has terminated.
Mono: successfully reloaded assembly
- Completed reload, in  3.498 seconds
Platform modules already initialized, skipping
Shader 'Universal Render Pipeline/Particles/Lit': fallback shader 'Universal Render Pipeline/Particles/SimpleLit' not found
Shader 'Universal Render Pipeline/Particles/Lit': fallback shader 'Universal Render Pipeline/Particles/SimpleLit' not found
Refreshing native plugins compatible for Editor in 2.68 ms, found 0 plugins.
Preloading 0 native plugins for Editor in 0.00 ms.
Unloading 2347 Unused Serialized files (Serialized files now loaded: 0)
System memory in use before: 109.1 MB.
System memory in use after: 106.9 MB.

Unloading 41 unused Assets to reduce memory usage. Loaded Objects now: 2839.
Total: 28.823500 ms (FindLiveObjects: 5.118900 ms CreateObjectMapping: 2.826400 ms MarkObjects: 14.985900 ms  DeleteObjects: 5.826700 ms)

========================================================================
Received Prepare
Registering precompiled user dll's ...
Registered in 0.003787 seconds.
Begin MonoManager ReloadAssembly
Native extension for WindowsStandalone target not found
Refreshing native plugins compatible for Editor in 0.95 ms, found 0 plugins.
Preloading 0 native plugins for Editor in 0.00 ms.
Invoked RoslynAnalysisRunner static constructor.
RoslynAnalysisRunner will not be running.
RoslynAnalysisRunner has terminated.
Mono: successfully reloaded assembly
- Completed reload, in  8.034 seconds
Platform modules already initialized, skipping
Shader 'Universal Render Pipeline/Particles/Lit': fallback shader 'Universal Render Pipeline/Particles/SimpleLit' not found
Shader 'Universal Render Pipeline/Particles/Lit': fallback shader 'Universal Render Pipeline/Particles/SimpleLit' not found
Refreshing native plugins compatible for Editor in 2.05 ms, found 0 plugins.
Preloading 0 native plugins for Editor in 0.00 ms.
Unloading 2347 Unused Serialized files (Serialized files now loaded: 0)
System memory in use before: 109.2 MB.
System memory in use after: 107.0 MB.

Unloading 41 unused Assets to reduce memory usage. Loaded Objects now: 2841.
Total: 36.268100 ms (FindLiveObjects: 0.981800 ms CreateObjectMapping: 0.493100 ms MarkObjects: 30.503800 ms  DeleteObjects: 4.285700 ms)

========================================================================
Received Prepare
Registering precompiled user dll's ...
Registered in 0.004052 seconds.
Begin MonoManager ReloadAssembly
Native extension for WindowsStandalone target not found
Refreshing native plugins compatible for Editor in 3.68 ms, found 0 plugins.
Preloading 0 native plugins for Editor in 0.00 ms.
Invoked RoslynAnalysisRunner static constructor.
RoslynAnalysisRunner will not be running.
RoslynAnalysisRunner has terminated.
Mono: successfully reloaded assembly
- Completed reload, in  1.618 seconds
Platform modules already initialized, skipping
Shader 'Universal Render Pipeline/Particles/Lit': fallback shader 'Universal Render Pipeline/Particles/SimpleLit' not found
Shader 'Universal Render Pipeline/Particles/Lit': fallback shader 'Universal Render Pipeline/Particles/SimpleLit' not found
Refreshing native plugins compatible for Editor in 1.54 ms, found 0 plugins.
Preloading 0 native plugins for Editor in 0.00 ms.
Unloading 2347 Unused Serialized files (Serialized files now loaded: 0)
System memory in use before: 109.2 MB.
System memory in use after: 107.0 MB.

Unloading 41 unused Assets to reduce memory usage. Loaded Objects now: 2843.
Total: 18.503000 ms (FindLiveObjects: 3.296900 ms CreateObjectMapping: 1.119700 ms MarkObjects: 6.195200 ms  DeleteObjects: 7.886000 ms)

========================================================================
Received Import Request.
  Time since last request: 762.158842 seconds.
  path: Assets/Scripts/ObjBehaviours/EnemyScript.cs
  artifactKey: Guid(0fdc170ae7af1e840bd77ccb5ca9e225) Importer(815301076,1909f56bfc062723c751e8b465ee728b)
Start importing Assets/Scripts/ObjBehaviours/EnemyScript.cs using Guid(0fdc170ae7af1e840bd77ccb5ca9e225) Importer(815301076,1909f56bfc062723c751e8b465ee728b)  -> (artifact id: 'bfc9ce537e87e908c4c06ab902849af7') in 0.037633 seconds
  Import took 0.046734 seconds .

========================================================================
Received Prepare
Registering precompiled user dll's ...
Registered in 0.001206 seconds.
Begin MonoManager ReloadAssembly
Native extension for WindowsStandalone target not found
Refreshing native plugins compatible for Editor in 0.60 ms, found 0 plugins.
Preloading 0 native plugins for Editor in 0.00 ms.
Invoked RoslynAnalysisRunner static constructor.
RoslynAnalysisRunner will not be running.
RoslynAnalysisRunner has terminated.
Mono: successfully reloaded assembly
- Completed reload, in  1.703 seconds
Platform modules already initialized, skipping
Shader 'Universal Render Pipeline/Particles/Lit': fallback shader 'Universal Render Pipeline/Particles/SimpleLit' not found
Shader 'Universal Render Pipeline/Particles/Lit': fallback shader 'Universal Render Pipeline/Particles/SimpleLit' not found
Refreshing native plugins compatible for Editor in 0.99 ms, found 0 plugins.
Preloading 0 native plugins for Editor in 0.00 ms.
Unloading 2347 Unused Serialized files (Serialized files now loaded: 0)
System memory in use before: 109.3 MB.
System memory in use after: 107.0 MB.

Unloading 41 unused Assets to reduce memory usage. Loaded Objects now: 2845.
Total: 5.352000 ms (FindLiveObjects: 0.681200 ms CreateObjectMapping: 0.209100 ms MarkObjects: 2.097200 ms  DeleteObjects: 2.362400 ms)

========================================================================
Received Prepare
Registering precompiled user dll's ...
Registered in 0.001789 seconds.
Begin MonoManager ReloadAssembly
Native extension for WindowsStandalone target not found
Refreshing native plugins compatible for Editor in 0.96 ms, found 0 plugins.
Preloading 0 native plugins for Editor in 0.00 ms.
Invoked RoslynAnalysisRunner static constructor.
RoslynAnalysisRunner will not be running.
RoslynAnalysisRunner has terminated.
Mono: successfully reloaded assembly
- Completed reload, in  2.231 seconds
Platform modules already initialized, skipping
Shader 'Universal Render Pipeline/Particles/Lit': fallback shader 'Universal Render Pipeline/Particles/SimpleLit' not found
Shader 'Universal Render Pipeline/Particles/Lit': fallback shader 'Universal Render Pipeline/Particles/SimpleLit' not found
Refreshing native plugins compatible for Editor in 0.42 ms, found 0 plugins.
Preloading 0 native plugins for Editor in 0.00 ms.
Unloading 2347 Unused Serialized files (Serialized files now loaded: 0)
System memory in use before: 109.2 MB.
System memory in use after: 107.0 MB.

Unloading 41 unused Assets to reduce memory usage. Loaded Objects now: 2847.
Total: 5.042300 ms (FindLiveObjects: 0.665000 ms CreateObjectMapping: 0.203500 ms MarkObjects: 1.914200 ms  DeleteObjects: 2.256200 ms)

========================================================================
Received Prepare
Registering precompiled user dll's ...
Registered in 0.001456 seconds.
Begin MonoManager ReloadAssembly
Native extension for WindowsStandalone target not found
Refreshing native plugins compatible for Editor in 0.40 ms, found 0 plugins.
Preloading 0 native plugins for Editor in 0.00 ms.
Invoked RoslynAnalysisRunner static constructor.
RoslynAnalysisRunner will not be running.
RoslynAnalysisRunner has terminated.
Mono: successfully reloaded assembly
- Completed reload, in  1.541 seconds
Platform modules already initialized, skipping
Shader 'Universal Render Pipeline/Particles/Lit': fallback shader 'Universal Render Pipeline/Particles/SimpleLit' not found
Shader 'Universal Render Pipeline/Particles/Lit': fallback shader 'Universal Render Pipeline/Particles/SimpleLit' not found
Refreshing native plugins compatible for Editor in 0.61 ms, found 0 plugins.
Preloading 0 native plugins for Editor in 0.00 ms.
Unloading 2347 Unused Serialized files (Serialized files now loaded: 0)
System memory in use before: 109.1 MB.
System memory in use after: 106.9 MB.

Unloading 41 unused Assets to reduce memory usage. Loaded Objects now: 2849.
Total: 5.601000 ms (FindLiveObjects: 0.464900 ms CreateObjectMapping: 0.288500 ms MarkObjects: 2.781200 ms  DeleteObjects: 2.063100 ms)

========================================================================
Received Prepare
Registering precompiled user dll's ...
Registered in 0.005502 seconds.
Begin MonoManager ReloadAssembly
Native extension for WindowsStandalone target not found
Refreshing native plugins compatible for Editor in 0.63 ms, found 0 plugins.
Preloading 0 native plugins for Editor in 0.00 ms.
Invoked RoslynAnalysisRunner static constructor.
RoslynAnalysisRunner will not be running.
RoslynAnalysisRunner has terminated.
Mono: successfully reloaded assembly
- Completed reload, in  1.648 seconds
Platform modules already initialized, skipping
Shader 'Universal Render Pipeline/Particles/Lit': fallback shader 'Universal Render Pipeline/Particles/SimpleLit' not found
Shader 'Universal Render Pipeline/Particles/Lit': fallback shader 'Universal Render Pipeline/Particles/SimpleLit' not found
Refreshing native plugins compatible for Editor in 0.39 ms, found 0 plugins.
Preloading 0 native plugins for Editor in 0.00 ms.
Unloading 2347 Unused Serialized files (Serialized files now loaded: 0)
System memory in use before: 109.3 MB.
System memory in use after: 107.0 MB.

Unloading 41 unused Assets to reduce memory usage. Loaded Objects now: 2851.
Total: 12.071800 ms (FindLiveObjects: 0.924900 ms CreateObjectMapping: 0.482400 ms MarkObjects: 8.529700 ms  DeleteObjects: 2.128800 ms)

========================================================================
Received Prepare
Registering precompiled user dll's ...
Registered in 0.001486 seconds.
Begin MonoManager ReloadAssembly
Native extension for WindowsStandalone target not found
Refreshing native plugins compatible for Editor in 0.41 ms, found 0 plugins.
Preloading 0 native plugins for Editor in 0.00 ms.
Invoked RoslynAnalysisRunner static constructor.
RoslynAnalysisRunner will not be running.
RoslynAnalysisRunner has terminated.
Mono: successfully reloaded assembly
- Completed reload, in  1.302 seconds
Platform modules already initialized, skipping
Shader 'Universal Render Pipeline/Particles/Lit': fallback shader 'Universal Render Pipeline/Particles/SimpleLit' not found
Shader 'Universal Render Pipeline/Particles/Lit': fallback shader 'Universal Render Pipeline/Particles/SimpleLit' not found
Refreshing native plugins compatible for Editor in 0.38 ms, found 0 plugins.
Preloading 0 native plugins for Editor in 0.00 ms.
Unloading 2347 Unused Serialized files (Serialized files now loaded: 0)
System memory in use before: 109.3 MB.
System memory in use after: 107.0 MB.

Unloading 41 unused Assets to reduce memory usage. Loaded Objects now: 2853.
Total: 6.216500 ms (FindLiveObjects: 1.190400 ms CreateObjectMapping: 0.532500 ms MarkObjects: 2.508700 ms  DeleteObjects: 1.980300 ms)

========================================================================
Received Prepare
Registering precompiled user dll's ...
Registered in 0.001396 seconds.
Begin MonoManager ReloadAssembly
Native extension for WindowsStandalone target not found
Refreshing native plugins compatible for Editor in 2.96 ms, found 0 plugins.
Preloading 0 native plugins for Editor in 0.00 ms.
Invoked RoslynAnalysisRunner static constructor.
RoslynAnalysisRunner will not be running.
RoslynAnalysisRunner has terminated.
Mono: successfully reloaded assembly
- Completed reload, in  1.770 seconds
Platform modules already initialized, skipping
Shader 'Universal Render Pipeline/Particles/Lit': fallback shader 'Universal Render Pipeline/Particles/SimpleLit' not found
Shader 'Universal Render Pipeline/Particles/Lit': fallback shader 'Universal Render Pipeline/Particles/SimpleLit' not found
Refreshing native plugins compatible for Editor in 0.44 ms, found 0 plugins.
Preloading 0 native plugins for Editor in 0.00 ms.
Unloading 2347 Unused Serialized files (Serialized files now loaded: 0)
System memory in use before: 109.3 MB.
System memory in use after: 107.0 MB.

Unloading 41 unused Assets to reduce memory usage. Loaded Objects now: 2855.
Total: 12.742600 ms (FindLiveObjects: 0.733400 ms CreateObjectMapping: 0.571000 ms MarkObjects: 7.594000 ms  DeleteObjects: 3.841200 ms)

========================================================================
Received Prepare
Registering precompiled user dll's ...
Registered in 0.001067 seconds.
Begin MonoManager ReloadAssembly
Native extension for WindowsStandalone target not found
Refreshing native plugins compatible for Editor in 0.79 ms, found 0 plugins.
Preloading 0 native plugins for Editor in 0.00 ms.
Invoked RoslynAnalysisRunner static constructor.
RoslynAnalysisRunner will not be running.
RoslynAnalysisRunner has terminated.
Mono: successfully reloaded assembly
- Completed reload, in  1.441 seconds
Platform modules already initialized, skipping
Shader 'Universal Render Pipeline/Particles/Lit': fallback shader 'Universal Render Pipeline/Particles/SimpleLit' not found
Shader 'Universal Render Pipeline/Particles/Lit': fallback shader 'Universal Render Pipeline/Particles/SimpleLit' not found
Refreshing native plugins compatible for Editor in 0.53 ms, found 0 plugins.
Preloading 0 native plugins for Editor in 0.00 ms.
Unloading 2347 Unused Serialized files (Serialized files now loaded: 0)
System memory in use before: 109.3 MB.
System memory in use after: 107.1 MB.

Unloading 41 unused Assets to reduce memory usage. Loaded Objects now: 2857.
Total: 9.351400 ms (FindLiveObjects: 1.607600 ms CreateObjectMapping: 0.911100 ms MarkObjects: 5.382900 ms  DeleteObjects: 1.443200 ms)

========================================================================
Received Prepare
Registering precompiled user dll's ...
Registered in 0.001322 seconds.
Begin MonoManager ReloadAssembly
Native extension for WindowsStandalone target not found
Refreshing native plugins compatible for Editor in 0.66 ms, found 0 plugins.
Preloading 0 native plugins for Editor in 0.00 ms.
Invoked RoslynAnalysisRunner static constructor.
RoslynAnalysisRunner will not be running.
RoslynAnalysisRunner has terminated.
Mono: successfully reloaded assembly
- Completed reload, in  1.855 seconds
Platform modules already initialized, skipping
Shader 'Universal Render Pipeline/Particles/Lit': fallback shader 'Universal Render Pipeline/Particles/SimpleLit' not found
Shader 'Universal Render Pipeline/Particles/Lit': fallback shader 'Universal Render Pipeline/Particles/SimpleLit' not found
Refreshing native plugins compatible for Editor in 0.44 ms, found 0 plugins.
Preloading 0 native plugins for Editor in 0.00 ms.
Unloading 2347 Unused Serialized files (Serialized files now loaded: 0)
System memory in use before: 109.2 MB.
System memory in use after: 107.0 MB.

Unloading 41 unused Assets to reduce memory usage. Loaded Objects now: 2859.
Total: 9.880000 ms (FindLiveObjects: 0.362600 ms CreateObjectMapping: 0.157300 ms MarkObjects: 2.697000 ms  DeleteObjects: 6.660500 ms)

========================================================================
Received Prepare
Registering precompiled user dll's ...
Registered in 0.002651 seconds.
Begin MonoManager ReloadAssembly
Native extension for WindowsStandalone target not found
Refreshing native plugins compatible for Editor in 0.39 ms, found 0 plugins.
Preloading 0 native plugins for Editor in 0.00 ms.
Invoked RoslynAnalysisRunner static constructor.
RoslynAnalysisRunner will not be running.
RoslynAnalysisRunner has terminated.
Mono: successfully reloaded assembly
- Completed reload, in  1.876 seconds
Platform modules already initialized, skipping
Shader 'Universal Render Pipeline/Particles/Lit': fallback shader 'Universal Render Pipeline/Particles/SimpleLit' not found
Shader 'Universal Render Pipeline/Particles/Lit': fallback shader 'Universal Render Pipeline/Particles/SimpleLit' not found
Refreshing native plugins compatible for Editor in 0.91 ms, found 0 plugins.
Preloading 0 native plugins for Editor in 0.00 ms.
Unloading 2347 Unused Serialized files (Serialized files now loaded: 0)
System memory in use before: 109.3 MB.
System memory in use after: 107.1 MB.

Unloading 41 unused Assets to reduce memory usage. Loaded Objects now: 2861.
Total: 4.660500 ms (FindLiveObjects: 0.597100 ms CreateObjectMapping: 0.273900 ms MarkObjects: 2.037800 ms  DeleteObjects: 1.749900 ms)

========================================================================
Received Prepare
Registering precompiled user dll's ...
Registered in 0.001681 seconds.
Begin MonoManager ReloadAssembly
Native extension for WindowsStandalone target not found
Refreshing native plugins compatible for Editor in 3.71 ms, found 0 plugins.
Preloading 0 native plugins for Editor in 0.00 ms.
Invoked RoslynAnalysisRunner static constructor.
RoslynAnalysisRunner will not be running.
RoslynAnalysisRunner has terminated.
Mono: successfully reloaded assembly
- Completed reload, in  1.667 seconds
Platform modules already initialized, skipping
Shader 'Universal Render Pipeline/Particles/Lit': fallback shader 'Universal Render Pipeline/Particles/SimpleLit' not found
Shader 'Universal Render Pipeline/Particles/Lit': fallback shader 'Universal Render Pipeline/Particles/SimpleLit' not found
Refreshing native plugins compatible for Editor in 0.44 ms, found 0 plugins.
Preloading 0 native plugins for Editor in 0.00 ms.
Unloading 2347 Unused Serialized files (Serialized files now loaded: 0)
System memory in use before: 109.3 MB.
System memory in use after: 107.1 MB.

Unloading 41 unused Assets to reduce memory usage. Loaded Objects now: 2863.
Total: 7.270300 ms (FindLiveObjects: 0.465600 ms CreateObjectMapping: 0.237600 ms MarkObjects: 2.762900 ms  DeleteObjects: 3.801200 ms)

========================================================================
Received Import Request.
  Time since last request: 1065.908573 seconds.
  path: ProjectSettings/TagManager.asset
  artifactKey: Guid(00000000000000003000000000000000) Importer(815301076,1909f56bfc062723c751e8b465ee728b)
Start importing ProjectSettings/TagManager.asset using Guid(00000000000000003000000000000000) Importer(815301076,1909f56bfc062723c751e8b465ee728b)  -> (artifact id: '0ae146107bb306b5ba142fa87586f6c7') in 0.107654 seconds
  Import took 0.116551 seconds .

========================================================================
Received Prepare
Registering precompiled user dll's ...
Registered in 0.001296 seconds.
Begin MonoManager ReloadAssembly
Native extension for WindowsStandalone target not found
Refreshing native plugins compatible for Editor in 1.79 ms, found 0 plugins.
Preloading 0 native plugins for Editor in 0.00 ms.
Invoked RoslynAnalysisRunner static constructor.
RoslynAnalysisRunner will not be running.
RoslynAnalysisRunner has terminated.
Mono: successfully reloaded assembly
- Completed reload, in  1.837 seconds
Platform modules already initialized, skipping
Shader 'Universal Render Pipeline/Particles/Lit': fallback shader 'Universal Render Pipeline/Particles/SimpleLit' not found
Shader 'Universal Render Pipeline/Particles/Lit': fallback shader 'Universal Render Pipeline/Particles/SimpleLit' not found
Refreshing native plugins compatible for Editor in 1.32 ms, found 0 plugins.
Preloading 0 native plugins for Editor in 0.00 ms.
Unloading 2347 Unused Serialized files (Serialized files now loaded: 0)
System memory in use before: 109.3 MB.
System memory in use after: 107.1 MB.

Unloading 42 unused Assets to reduce memory usage. Loaded Objects now: 2865.
Total: 25.919400 ms (FindLiveObjects: 8.823100 ms CreateObjectMapping: 4.204200 ms MarkObjects: 7.298900 ms  DeleteObjects: 5.582400 ms)

========================================================================
Received Prepare
Registering precompiled user dll's ...
Registered in 0.002130 seconds.
Begin MonoManager ReloadAssembly
Native extension for WindowsStandalone target not found
Refreshing native plugins compatible for Editor in 0.85 ms, found 0 plugins.
Preloading 0 native plugins for Editor in 0.00 ms.
Invoked RoslynAnalysisRunner static constructor.
RoslynAnalysisRunner will not be running.
RoslynAnalysisRunner has terminated.
Mono: successfully reloaded assembly
- Completed reload, in  1.840 seconds
Platform modules already initialized, skipping
Shader 'Universal Render Pipeline/Particles/Lit': fallback shader 'Universal Render Pipeline/Particles/SimpleLit' not found
Shader 'Universal Render Pipeline/Particles/Lit': fallback shader 'Universal Render Pipeline/Particles/SimpleLit' not found
Refreshing native plugins compatible for Editor in 0.90 ms, found 0 plugins.
Preloading 0 native plugins for Editor in 0.00 ms.
Unloading 2347 Unused Serialized files (Serialized files now loaded: 0)
System memory in use before: 109.3 MB.
System memory in use after: 107.1 MB.

Unloading 41 unused Assets to reduce memory usage. Loaded Objects now: 2867.
Total: 4.274100 ms (FindLiveObjects: 0.505400 ms CreateObjectMapping: 0.148100 ms MarkObjects: 1.906400 ms  DeleteObjects: 1.711400 ms)

========================================================================
Received Prepare
Registering precompiled user dll's ...
Registered in 0.002485 seconds.
Begin MonoManager ReloadAssembly
Native extension for WindowsStandalone target not found
Refreshing native plugins compatible for Editor in 0.70 ms, found 0 plugins.
Preloading 0 native plugins for Editor in 0.00 ms.
Invoked RoslynAnalysisRunner static constructor.
RoslynAnalysisRunner will not be running.
RoslynAnalysisRunner has terminated.
Mono: successfully reloaded assembly
- Completed reload, in  2.204 seconds
Platform modules already initialized, skipping
Shader 'Universal Render Pipeline/Particles/Lit': fallback shader 'Universal Render Pipeline/Particles/SimpleLit' not found
Shader 'Universal Render Pipeline/Particles/Lit': fallback shader 'Universal Render Pipeline/Particles/SimpleLit' not found
Refreshing native plugins compatible for Editor in 0.44 ms, found 0 plugins.
Preloading 0 native plugins for Editor in 0.00 ms.
Unloading 2347 Unused Serialized files (Serialized files now loaded: 0)
System memory in use before: 109.2 MB.
System memory in use after: 107.0 MB.

Unloading 41 unused Assets to reduce memory usage. Loaded Objects now: 2869.
Total: 18.457000 ms (FindLiveObjects: 1.580400 ms CreateObjectMapping: 0.625200 ms MarkObjects: 8.971500 ms  DeleteObjects: 7.265500 ms)

========================================================================
Received Prepare
Registering precompiled user dll's ...
Registered in 0.001949 seconds.
Begin MonoManager ReloadAssembly
Native extension for WindowsStandalone target not found
Refreshing native plugins compatible for Editor in 0.67 ms, found 0 plugins.
Preloading 0 native plugins for Editor in 0.00 ms.
Invoked RoslynAnalysisRunner static constructor.
RoslynAnalysisRunner will not be running.
RoslynAnalysisRunner has terminated.
Mono: successfully reloaded assembly
- Completed reload, in  1.829 seconds
Platform modules already initialized, skipping
Shader 'Universal Render Pipeline/Particles/Lit': fallback shader 'Universal Render Pipeline/Particles/SimpleLit' not found
Shader 'Universal Render Pipeline/Particles/Lit': fallback shader 'Universal Render Pipeline/Particles/SimpleLit' not found
Refreshing native plugins compatible for Editor in 0.59 ms, found 0 plugins.
Preloading 0 native plugins for Editor in 0.00 ms.
Unloading 2347 Unused Serialized files (Serialized files now loaded: 0)
System memory in use before: 109.3 MB.
System memory in use after: 107.1 MB.

Unloading 41 unused Assets to reduce memory usage. Loaded Objects now: 2871.
Total: 5.563500 ms (FindLiveObjects: 0.662000 ms CreateObjectMapping: 0.277300 ms MarkObjects: 2.068800 ms  DeleteObjects: 2.553400 ms)

========================================================================
Received Prepare
Registering precompiled user dll's ...
Registered in 0.003278 seconds.
Begin MonoManager ReloadAssembly
Native extension for WindowsStandalone target not found
Refreshing native plugins compatible for Editor in 0.42 ms, found 0 plugins.
Preloading 0 native plugins for Editor in 0.00 ms.
Invoked RoslynAnalysisRunner static constructor.
RoslynAnalysisRunner will not be running.
RoslynAnalysisRunner has terminated.
Mono: successfully reloaded assembly
- Completed reload, in  1.900 seconds
Platform modules already initialized, skipping
Shader 'Universal Render Pipeline/Particles/Lit': fallback shader 'Universal Render Pipeline/Particles/SimpleLit' not found
Shader 'Universal Render Pipeline/Particles/Lit': fallback shader 'Universal Render Pipeline/Particles/SimpleLit' not found
Refreshing native plugins compatible for Editor in 0.40 ms, found 0 plugins.
Preloading 0 native plugins for Editor in 0.00 ms.
Unloading 2347 Unused Serialized files (Serialized files now loaded: 0)
System memory in use before: 109.3 MB.
System memory in use after: 107.1 MB.

Unloading 41 unused Assets to reduce memory usage. Loaded Objects now: 2873.
Total: 11.310000 ms (FindLiveObjects: 0.740600 ms CreateObjectMapping: 0.299900 ms MarkObjects: 3.405000 ms  DeleteObjects: 6.858200 ms)

========================================================================
Received Prepare
Registering precompiled user dll's ...
Registered in 0.002752 seconds.
Begin MonoManager ReloadAssembly
Native extension for WindowsStandalone target not found
Refreshing native plugins compatible for Editor in 3.09 ms, found 0 plugins.
Preloading 0 native plugins for Editor in 0.00 ms.
Invoked RoslynAnalysisRunner static constructor.
RoslynAnalysisRunner will not be running.
RoslynAnalysisRunner has terminated.
Mono: successfully reloaded assembly
- Completed reload, in  1.957 seconds
Platform modules already initialized, skipping
Shader 'Universal Render Pipeline/Particles/Lit': fallback shader 'Universal Render Pipeline/Particles/SimpleLit' not found
Shader 'Universal Render Pipeline/Particles/Lit': fallback shader 'Universal Render Pipeline/Particles/SimpleLit' not found
Refreshing native plugins compatible for Editor in 0.51 ms, found 0 plugins.
Preloading 0 native plugins for Editor in 0.00 ms.
Unloading 2347 Unused Serialized files (Serialized files now loaded: 0)
System memory in use before: 109.3 MB.
System memory in use after: 107.1 MB.

Unloading 41 unused Assets to reduce memory usage. Loaded Objects now: 2875.
Total: 14.781100 ms (FindLiveObjects: 0.465400 ms CreateObjectMapping: 0.205300 ms MarkObjects: 9.303100 ms  DeleteObjects: 4.801700 ms)

========================================================================
Received Prepare
Registering precompiled user dll's ...
Registered in 0.002119 seconds.
Begin MonoManager ReloadAssembly
Native extension for WindowsStandalone target not found
Refreshing native plugins compatible for Editor in 0.47 ms, found 0 plugins.
Preloading 0 native plugins for Editor in 0.00 ms.
Invoked RoslynAnalysisRunner static constructor.
RoslynAnalysisRunner will not be running.
RoslynAnalysisRunner has terminated.
Mono: successfully reloaded assembly
- Completed reload, in  1.599 seconds
Platform modules already initialized, skipping
Shader 'Universal Render Pipeline/Particles/Lit': fallback shader 'Universal Render Pipeline/Particles/SimpleLit' not found
Shader 'Universal Render Pipeline/Particles/Lit': fallback shader 'Universal Render Pipeline/Particles/SimpleLit' not found
Refreshing native plugins compatible for Editor in 0.65 ms, found 0 plugins.
Preloading 0 native plugins for Editor in 0.00 ms.
Unloading 2347 Unused Serialized files (Serialized files now loaded: 0)
System memory in use before: 109.3 MB.
System memory in use after: 107.1 MB.

Unloading 41 unused Assets to reduce memory usage. Loaded Objects now: 2877.
Total: 11.871900 ms (FindLiveObjects: 1.560500 ms CreateObjectMapping: 0.764700 ms MarkObjects: 7.286200 ms  DeleteObjects: 2.254400 ms)

========================================================================
Received Prepare
Registering precompiled user dll's ...
Registered in 0.001247 seconds.
Begin MonoManager ReloadAssembly
Native extension for WindowsStandalone target not found
Refreshing native plugins compatible for Editor in 3.76 ms, found 0 plugins.
Preloading 0 native plugins for Editor in 0.00 ms.
Invoked RoslynAnalysisRunner static constructor.
RoslynAnalysisRunner will not be running.
RoslynAnalysisRunner has terminated.
Mono: successfully reloaded assembly
- Completed reload, in  2.006 seconds
Platform modules already initialized, skipping
Shader 'Universal Render Pipeline/Particles/Lit': fallback shader 'Universal Render Pipeline/Particles/SimpleLit' not found
Shader 'Universal Render Pipeline/Particles/Lit': fallback shader 'Universal Render Pipeline/Particles/SimpleLit' not found
Refreshing native plugins compatible for Editor in 2.45 ms, found 0 plugins.
Preloading 0 native plugins for Editor in 0.00 ms.
Unloading 2347 Unused Serialized files (Serialized files now loaded: 0)
System memory in use before: 109.2 MB.
System memory in use after: 107.0 MB.

Unloading 41 unused Assets to reduce memory usage. Loaded Objects now: 2879.
Total: 5.403200 ms (FindLiveObjects: 0.613100 ms CreateObjectMapping: 0.193600 ms MarkObjects: 2.349000 ms  DeleteObjects: 2.243700 ms)

========================================================================
Received Prepare
Registering precompiled user dll's ...
Registered in 0.001052 seconds.
Begin MonoManager ReloadAssembly
Native extension for WindowsStandalone target not found
Refreshing native plugins compatible for Editor in 0.43 ms, found 0 plugins.
Preloading 0 native plugins for Editor in 0.00 ms.
Invoked RoslynAnalysisRunner static constructor.
RoslynAnalysisRunner will not be running.
RoslynAnalysisRunner has terminated.
Mono: successfully reloaded assembly
- Completed reload, in  1.637 seconds
Platform modules already initialized, skipping
Shader 'Universal Render Pipeline/Particles/Lit': fallback shader 'Universal Render Pipeline/Particles/SimpleLit' not found
Shader 'Universal Render Pipeline/Particles/Lit': fallback shader 'Universal Render Pipeline/Particles/SimpleLit' not found
Refreshing native plugins compatible for Editor in 0.54 ms, found 0 plugins.
Preloading 0 native plugins for Editor in 0.00 ms.
Unloading 2347 Unused Serialized files (Serialized files now loaded: 0)
System memory in use before: 109.4 MB.
System memory in use after: 107.1 MB.

Unloading 41 unused Assets to reduce memory usage. Loaded Objects now: 2881.
Total: 8.181700 ms (FindLiveObjects: 1.174200 ms CreateObjectMapping: 0.941000 ms MarkObjects: 4.439300 ms  DeleteObjects: 1.624300 ms)

========================================================================
Received Prepare
Registering precompiled user dll's ...
Registered in 0.001454 seconds.
Begin MonoManager ReloadAssembly
Native extension for WindowsStandalone target not found
Refreshing native plugins compatible for Editor in 1.16 ms, found 0 plugins.
Preloading 0 native plugins for Editor in 0.00 ms.
Invoked RoslynAnalysisRunner static constructor.
RoslynAnalysisRunner will not be running.
RoslynAnalysisRunner has terminated.
Mono: successfully reloaded assembly
- Completed reload, in  1.914 seconds
Platform modules already initialized, skipping
Shader 'Universal Render Pipeline/Particles/Lit': fallback shader 'Universal Render Pipeline/Particles/SimpleLit' not found
Shader 'Universal Render Pipeline/Particles/Lit': fallback shader 'Universal Render Pipeline/Particles/SimpleLit' not found
Refreshing native plugins compatible for Editor in 0.45 ms, found 0 plugins.
Preloading 0 native plugins for Editor in 0.00 ms.
Unloading 2347 Unused Serialized files (Serialized files now loaded: 0)
System memory in use before: 109.3 MB.
System memory in use after: 107.1 MB.

Unloading 41 unused Assets to reduce memory usage. Loaded Objects now: 2883.
Total: 9.146100 ms (FindLiveObjects: 0.488500 ms CreateObjectMapping: 0.411700 ms MarkObjects: 2.137700 ms  DeleteObjects: 6.104000 ms)

========================================================================
Received Prepare
Registering precompiled user dll's ...
Registered in 0.001053 seconds.
Begin MonoManager ReloadAssembly
Native extension for WindowsStandalone target not found
Refreshing native plugins compatible for Editor in 0.41 ms, found 0 plugins.
Preloading 0 native plugins for Editor in 0.00 ms.
Invoked RoslynAnalysisRunner static constructor.
RoslynAnalysisRunner will not be running.
RoslynAnalysisRunner has terminated.
Mono: successfully reloaded assembly
- Completed reload, in  2.423 seconds
Platform modules already initialized, skipping
Shader 'Universal Render Pipeline/Particles/Lit': fallback shader 'Universal Render Pipeline/Particles/SimpleLit' not found
Shader 'Universal Render Pipeline/Particles/Lit': fallback shader 'Universal Render Pipeline/Particles/SimpleLit' not found
Refreshing native plugins compatible for Editor in 0.54 ms, found 0 plugins.
Preloading 0 native plugins for Editor in 0.00 ms.
Unloading 2347 Unused Serialized files (Serialized files now loaded: 0)
System memory in use before: 109.4 MB.
System memory in use after: 107.1 MB.

Unloading 41 unused Assets to reduce memory usage. Loaded Objects now: 2885.
Total: 19.783500 ms (FindLiveObjects: 1.676300 ms CreateObjectMapping: 1.195500 ms MarkObjects: 9.296300 ms  DeleteObjects: 7.607100 ms)

========================================================================
Received Prepare
Registering precompiled user dll's ...
Registered in 0.005403 seconds.
Begin MonoManager ReloadAssembly
Native extension for WindowsStandalone target not found
Refreshing native plugins compatible for Editor in 1.66 ms, found 0 plugins.
Preloading 0 native plugins for Editor in 0.00 ms.
Invoked RoslynAnalysisRunner static constructor.
RoslynAnalysisRunner will not be running.
RoslynAnalysisRunner has terminated.
Mono: successfully reloaded assembly
- Completed reload, in  1.836 seconds
Platform modules already initialized, skipping
Shader 'Universal Render Pipeline/Particles/Lit': fallback shader 'Universal Render Pipeline/Particles/SimpleLit' not found
Shader 'Universal Render Pipeline/Particles/Lit': fallback shader 'Universal Render Pipeline/Particles/SimpleLit' not found
Refreshing native plugins compatible for Editor in 0.43 ms, found 0 plugins.
Preloading 0 native plugins for Editor in 0.00 ms.
Unloading 2347 Unused Serialized files (Serialized files now loaded: 0)
System memory in use before: 109.4 MB.
System memory in use after: 107.1 MB.

Unloading 41 unused Assets to reduce memory usage. Loaded Objects now: 2887.
Total: 8.405000 ms (FindLiveObjects: 1.117000 ms CreateObjectMapping: 0.411200 ms MarkObjects: 3.083500 ms  DeleteObjects: 3.790200 ms)

========================================================================
Received Prepare
Registering precompiled user dll's ...
Registered in 0.001535 seconds.
Begin MonoManager ReloadAssembly
Native extension for WindowsStandalone target not found
Refreshing native plugins compatible for Editor in 1.84 ms, found 0 plugins.
Preloading 0 native plugins for Editor in 0.00 ms.
Invoked RoslynAnalysisRunner static constructor.
RoslynAnalysisRunner will not be running.
RoslynAnalysisRunner has terminated.
Mono: successfully reloaded assembly
- Completed reload, in  1.626 seconds
Platform modules already initialized, skipping
Shader 'Universal Render Pipeline/Particles/Lit': fallback shader 'Universal Render Pipeline/Particles/SimpleLit' not found
Shader 'Universal Render Pipeline/Particles/Lit': fallback shader 'Universal Render Pipeline/Particles/SimpleLit' not found
Refreshing native plugins compatible for Editor in 0.58 ms, found 0 plugins.
Preloading 0 native plugins for Editor in 0.00 ms.
Unloading 2347 Unused Serialized files (Serialized files now loaded: 0)
System memory in use before: 109.3 MB.
System memory in use after: 107.1 MB.

Unloading 41 unused Assets to reduce memory usage. Loaded Objects now: 2889.
Total: 3.813900 ms (FindLiveObjects: 0.246700 ms CreateObjectMapping: 0.119800 ms MarkObjects: 1.749600 ms  DeleteObjects: 1.696100 ms)

========================================================================
Received Prepare
Registering precompiled user dll's ...
Registered in 0.001180 seconds.
Begin MonoManager ReloadAssembly
Native extension for WindowsStandalone target not found
Refreshing native plugins compatible for Editor in 0.42 ms, found 0 plugins.
Preloading 0 native plugins for Editor in 0.00 ms.
Invoked RoslynAnalysisRunner static constructor.
RoslynAnalysisRunner will not be running.
RoslynAnalysisRunner has terminated.
Mono: successfully reloaded assembly
- Completed reload, in  1.689 seconds
Platform modules already initialized, skipping
Shader 'Universal Render Pipeline/Particles/Lit': fallback shader 'Universal Render Pipeline/Particles/SimpleLit' not found
Shader 'Universal Render Pipeline/Particles/Lit': fallback shader 'Universal Render Pipeline/Particles/SimpleLit' not found
Refreshing native plugins compatible for Editor in 0.57 ms, found 0 plugins.
Preloading 0 native plugins for Editor in 0.00 ms.
Unloading 2347 Unused Serialized files (Serialized files now loaded: 0)
System memory in use before: 109.4 MB.
System memory in use after: 107.2 MB.

Unloading 41 unused Assets to reduce memory usage. Loaded Objects now: 2891.
Total: 15.895800 ms (FindLiveObjects: 1.639000 ms CreateObjectMapping: 2.064900 ms MarkObjects: 8.533500 ms  DeleteObjects: 3.654300 ms)

========================================================================
Received Prepare
Registering precompiled user dll's ...
Registered in 0.001204 seconds.
Begin MonoManager ReloadAssembly
Native extension for WindowsStandalone target not found
Refreshing native plugins compatible for Editor in 0.44 ms, found 0 plugins.
Preloading 0 native plugins for Editor in 0.00 ms.
Invoked RoslynAnalysisRunner static constructor.
RoslynAnalysisRunner will not be running.
RoslynAnalysisRunner has terminated.
Mono: successfully reloaded assembly
- Completed reload, in  1.610 seconds
Platform modules already initialized, skipping
Shader 'Universal Render Pipeline/Particles/Lit': fallback shader 'Universal Render Pipeline/Particles/SimpleLit' not found
Shader 'Universal Render Pipeline/Particles/Lit': fallback shader 'Universal Render Pipeline/Particles/SimpleLit' not found
Refreshing native plugins compatible for Editor in 0.42 ms, found 0 plugins.
Preloading 0 native plugins for Editor in 0.00 ms.
Unloading 2347 Unused Serialized files (Serialized files now loaded: 0)
System memory in use before: 109.4 MB.
System memory in use after: 107.2 MB.

Unloading 41 unused Assets to reduce memory usage. Loaded Objects now: 2893.
Total: 13.106100 ms (FindLiveObjects: 1.317300 ms CreateObjectMapping: 1.908900 ms MarkObjects: 8.207100 ms  DeleteObjects: 1.670000 ms)

========================================================================
Received Prepare
Registering precompiled user dll's ...
Registered in 0.002013 seconds.
Begin MonoManager ReloadAssembly
Native extension for WindowsStandalone target not found
Refreshing native plugins compatible for Editor in 0.48 ms, found 0 plugins.
Preloading 0 native plugins for Editor in 0.00 ms.
Invoked RoslynAnalysisRunner static constructor.
RoslynAnalysisRunner will not be running.
RoslynAnalysisRunner has terminated.
Mono: successfully reloaded assembly
- Completed reload, in  1.036 seconds
Platform modules already initialized, skipping
Shader 'Universal Render Pipeline/Particles/Lit': fallback shader 'Universal Render Pipeline/Particles/SimpleLit' not found
Shader 'Universal Render Pipeline/Particles/Lit': fallback shader 'Universal Render Pipeline/Particles/SimpleLit' not found
Refreshing native plugins compatible for Editor in 0.37 ms, found 0 plugins.
Preloading 0 native plugins for Editor in 0.00 ms.
Unloading 2347 Unused Serialized files (Serialized files now loaded: 0)
System memory in use before: 109.4 MB.
System memory in use after: 107.2 MB.

Unloading 41 unused Assets to reduce memory usage. Loaded Objects now: 2895.
Total: 5.812300 ms (FindLiveObjects: 0.582900 ms CreateObjectMapping: 0.261700 ms MarkObjects: 2.825200 ms  DeleteObjects: 2.140800 ms)

